<?xml version="1.0" encoding="UTF-8"?>
<!-- Generated by org.testng.reporters.JUnitXMLReporter -->
<testsuite hostname="DESKTOP-ISRDHO3" ignored="1" name="Command line test" tests="8" failures="0" timestamp="2021-06-06T18:01:14 EET" time="0.364" errors="0">
  <testcase name="@BeforeTest setUpTest" time="0.263" classname="utility.TestBase">
    <failure type="java.lang.NullPointerException">
      <![CDATA[java.lang.NullPointerException
at utility.ConfigReader.get(ConfigReader.java:24)
at utility.TestBase.setUpTest(TestBase.java:42)
... Removed 34 stack frames]]>
    </failure>
  </testcase> <!-- @BeforeTest setUpTest -->
  <testcase name="@BeforeClass beforeClass" time="-1.622991674273E9" classname="utility.TestBase">
    <skipped/>
  </testcase> <!-- @BeforeClass beforeClass -->
  <testcase name="Task1" time="0.0" classname="taskPack.BookTest">
    <skipped/>
  </testcase> <!-- Task1 -->
  <testcase name="createBook" time="0.0" classname="taskPack.BookTest">
    <skipped/>
  </testcase> <!-- createBook -->
  <testcase name="Task2" time="0.0" classname="taskPack.BookTest">
    <skipped/>
  </testcase> <!-- Task2 -->
  <testcase name="Task3" time="0.0" classname="taskPack.BookTest">
    <skipped/>
  </testcase> <!-- Task3 -->
  <testcase name="Task4" time="0.0" classname="taskPack.BookTest">
    <skipped/>
  </testcase> <!-- Task4 -->
  <testcase name="Task5" time="0.0" classname="taskPack.BookTest">
    <skipped/>
  </testcase> <!-- Task5 -->
  <testcase name="Task6" time="0.0" classname="taskPack.BookTest">
    <skipped/>
  </testcase> <!-- Task6 -->
  <testcase name="Task7" time="0.0" classname="taskPack.BookTest">
    <skipped/>
  </testcase> <!-- Task7 -->
  <testcase name="@BeforeTest setUpTest" time="0.0" classname="utility.TestBase">
    <ignored/>
  </testcase> <!-- @BeforeTest setUpTest -->
</testsuite> <!-- Command line test -->
